#-----------------------------------------------------------
# Vivado v2025.2 (64-bit)
# SW Build 6299465 on Fri Nov 14 19:35:11 GMT 2025
# IP Build 6300035 on Fri Nov 14 10:48:45 MST 2025
# SharedData Build 6298862 on Thu Nov 13 04:50:51 MST 2025
# Start of session at: Mon Jul  6 12:03:42 2026
# Process ID         : 13328
# Current directory  : C:/Users/nayak/hardware-raycaster-pynq
# Command line       : vivado.exe -mode batch -source vivado\build.tcl
# Log file           : C:/Users/nayak/hardware-raycaster-pynq/vivado.log
# Journal file       : C:/Users/nayak/hardware-raycaster-pynq\vivado.jou
# Running On         : Kaustubh
# Platform           : Windows Server 2016 or Windows 10
# Operating System   : 26200
# Processor Detail   : 12th Gen Intel(R) Core(TM) i5-12500H
# CPU Frequency      : 3110 MHz
# CPU Physical cores : 12
# CPU Logical cores  : 16
# Host memory        : 16858 MB
# Swap memory        : 2147 MB
# Total Virtual      : 19005 MB
# Available Virtual  : 5217 MB
#-----------------------------------------------------------
source {vivado\build.tcl}
# set part xc7z020clg400-1
# set top_module pynq_test_pattern_top
# create_project -in_memory -part $part
create_project: Time (s): cpu = 00:00:08 ; elapsed = 00:00:09 . Memory (MB): peak = 527.805 ; gain = 224.457
# read_verilog -sv [glob ./rtl/include/*.svh]
# read_verilog -sv [glob ./rtl/dvi/*.sv]
# read_verilog -sv [glob ./rtl/*.sv]
# read_xdc ./constraints/pynq_z2.xdc
# synth_design -top $top_module -part $part
Command: synth_design -top pynq_test_pattern_top -part xc7z020clg400-1
Starting synth_design
Attempting to get a license for feature 'Synthesis' and/or device 'xc7z020'
INFO: [Common 17-349] Got license for feature 'Synthesis' and/or device 'xc7z020'
INFO: [Device 21-403] Loading part xc7z020clg400-1
INFO: [Synth 8-7079] Multithreading enabled for synth_design using a maximum of 2 processes.
INFO: [Synth 8-7078] Launching helper process for spawning children vivado processes
INFO: [Synth 8-7075] Helper process launched with PID 13152
---------------------------------------------------------------------------------
Starting RTL Elaboration : Time (s): cpu = 00:00:04 ; elapsed = 00:00:06 . Memory (MB): peak = 1297.164 ; gain = 539.508
---------------------------------------------------------------------------------
INFO: [Synth 8-6157] synthesizing module 'pynq_test_pattern_top' [C:/Users/nayak/hardware-raycaster-pynq/rtl/pynq_test_pattern_top.sv:3]
INFO: [Synth 8-6157] synthesizing module 'MMCME2_BASE' [C:/AMDDesignTools/2025.2/Vivado/scripts/rt/data/unisim_comp.v:95964]
	Parameter BANDWIDTH bound to: OPTIMIZED - type: string 
	Parameter CLKFBOUT_MULT_F bound to: 8.000000e+00 - type: double 
	Parameter CLKIN1_PERIOD bound to: 8.000000e+00 - type: double 
	Parameter CLKOUT0_DIVIDE_F bound to: 8.000000e+00 - type: double 
	Parameter CLKOUT1_DIVIDE bound to: 40 - type: integer 
	Parameter DIVCLK_DIVIDE bound to: 1 - type: integer 
INFO: [Synth 8-6155] done synthesizing module 'MMCME2_BASE' (0#1) [C:/AMDDesignTools/2025.2/Vivado/scripts/rt/data/unisim_comp.v:95964]
WARNING: [Synth 8-7071] port 'CLKFBOUTB' of module 'MMCME2_BASE' is unconnected for instance 'mmcm_inst' [C:/Users/nayak/hardware-raycaster-pynq/rtl/pynq_test_pattern_top.sv:42]
WARNING: [Synth 8-7071] port 'CLKOUT0B' of module 'MMCME2_BASE' is unconnected for instance 'mmcm_inst' [C:/Users/nayak/hardware-raycaster-pynq/rtl/pynq_test_pattern_top.sv:42]
WARNING: [Synth 8-7071] port 'CLKOUT1B' of module 'MMCME2_BASE' is unconnected for instance 'mmcm_inst' [C:/Users/nayak/hardware-raycaster-pynq/rtl/pynq_test_pattern_top.sv:42]
WARNING: [Synth 8-7071] port 'CLKOUT2B' of module 'MMCME2_BASE' is unconnected for instance 'mmcm_inst' [C:/Users/nayak/hardware-raycaster-pynq/rtl/pynq_test_pattern_top.sv:42]
WARNING: [Synth 8-7071] port 'CLKOUT3B' of module 'MMCME2_BASE' is unconnected for instance 'mmcm_inst' [C:/Users/nayak/hardware-raycaster-pynq/rtl/pynq_test_pattern_top.sv:42]
WARNING: [Synth 8-7023] instance 'mmcm_inst' of module 'MMCME2_BASE' has 18 connections declared, but only 13 given [C:/Users/nayak/hardware-raycaster-pynq/rtl/pynq_test_pattern_top.sv:42]
INFO: [Synth 8-6157] synthesizing module 'BUFG' [C:/AMDDesignTools/2025.2/Vivado/scripts/rt/data/unisim_comp.v:2678]
INFO: [Synth 8-6155] done synthesizing module 'BUFG' (0#1) [C:/AMDDesignTools/2025.2/Vivado/scripts/rt/data/unisim_comp.v:2678]
INFO: [Synth 8-6157] synthesizing module 'dvi_top' [C:/Users/nayak/hardware-raycaster-pynq/rtl/dvi/dvi_top.sv:5]
INFO: [Synth 8-6157] synthesizing module 'dvi_sync' [C:/Users/nayak/hardware-raycaster-pynq/rtl/dvi/dvi_sync.sv:5]
INFO: [Synth 8-6155] done synthesizing module 'dvi_sync' (0#1) [C:/Users/nayak/hardware-raycaster-pynq/rtl/dvi/dvi_sync.sv:5]
INFO: [Synth 8-6157] synthesizing module 'delay' [C:/Users/nayak/hardware-raycaster-pynq/rtl/dvi/delay.sv:3]
	Parameter WIDTH bound to: 32'b00000000000000000000000000000011 
	Parameter N_CYCLES bound to: 32'b00000000000000000000000000000110 
INFO: [Synth 8-6155] done synthesizing module 'delay' (0#1) [C:/Users/nayak/hardware-raycaster-pynq/rtl/dvi/delay.sv:3]
INFO: [Synth 8-6157] synthesizing module 'tmds_encoder' [C:/Users/nayak/hardware-raycaster-pynq/rtl/dvi/tmds_encoder.sv:3]
INFO: [Synth 8-6155] done synthesizing module 'tmds_encoder' (0#1) [C:/Users/nayak/hardware-raycaster-pynq/rtl/dvi/tmds_encoder.sv:3]
INFO: [Synth 8-6157] synthesizing module 'serializer' [C:/Users/nayak/hardware-raycaster-pynq/rtl/dvi/serializer.sv:3]
	Parameter W_DATA bound to: 32'b00000000000000000000000000001010 
WARNING: [Synth 8-4446] all outputs are unconnected for this instance and logic may be removed [C:/Users/nayak/hardware-raycaster-pynq/rtl/dvi/serializer.sv:28]
INFO: [Synth 8-6157] synthesizing module 'OSERDESE2' [C:/AMDDesignTools/2025.2/Vivado/scripts/rt/data/unisim_comp.v:117832]
	Parameter DATA_RATE_OQ bound to: DDR - type: string 
	Parameter DATA_RATE_TQ bound to: SDR - type: string 
	Parameter DATA_WIDTH bound to: 10 - type: integer 
	Parameter INIT_OQ bound to: 1'b0 
	Parameter INIT_TQ bound to: 1'b0 
	Parameter SRVAL_OQ bound to: 1'b0 
	Parameter SRVAL_TQ bound to: 1'b0 
	Parameter TRISTATE_WIDTH bound to: 1 - type: integer 
INFO: [Synth 8-6155] done synthesizing module 'OSERDESE2' (0#1) [C:/AMDDesignTools/2025.2/Vivado/scripts/rt/data/unisim_comp.v:117832]
ERROR: [Synth 8-11365] for the instance 'master' of module 'OSERDESE2' declared at 'C:/AMDDesignTools/2025.2/Vivado/scripts/rt/data/unisim_comp.v:117832', named port connection 'O' does not exist [C:/Users/nayak/hardware-raycaster-pynq/rtl/dvi/serializer.sv:29]
ERROR: [Synth 8-11365] for the instance 'master' of module 'OSERDESE2' declared at 'C:/AMDDesignTools/2025.2/Vivado/scripts/rt/data/unisim_comp.v:117832', named port connection 'T' does not exist [C:/Users/nayak/hardware-raycaster-pynq/rtl/dvi/serializer.sv:31]
ERROR: [Synth 8-11365] for the instance 'master' of module 'OSERDESE2' declared at 'C:/AMDDesignTools/2025.2/Vivado/scripts/rt/data/unisim_comp.v:117832', named port connection 'TQE' does not exist [C:/Users/nayak/hardware-raycaster-pynq/rtl/dvi/serializer.sv:32]
ERROR: [Synth 8-11365] for the instance 'master' of module 'OSERDESE2' declared at 'C:/AMDDesignTools/2025.2/Vivado/scripts/rt/data/unisim_comp.v:117832', named port connection 'SHIFTIN' does not exist [C:/Users/nayak/hardware-raycaster-pynq/rtl/dvi/serializer.sv:44]
ERROR: [Synth 8-11365] for the instance 'master' of module 'OSERDESE2' declared at 'C:/AMDDesignTools/2025.2/Vivado/scripts/rt/data/unisim_comp.v:117832', named port connection 'SHIFTOUT' does not exist [C:/Users/nayak/hardware-raycaster-pynq/rtl/dvi/serializer.sv:45]
WARNING: [Synth 8-7071] port 'SHIFTOUT1' of module 'OSERDESE2' is unconnected for instance 'master' [C:/Users/nayak/hardware-raycaster-pynq/rtl/dvi/serializer.sv:28]
WARNING: [Synth 8-7071] port 'SHIFTOUT2' of module 'OSERDESE2' is unconnected for instance 'master' [C:/Users/nayak/hardware-raycaster-pynq/rtl/dvi/serializer.sv:28]
WARNING: [Synth 8-7071] port 'TBYTEOUT' of module 'OSERDESE2' is unconnected for instance 'master' [C:/Users/nayak/hardware-raycaster-pynq/rtl/dvi/serializer.sv:28]
WARNING: [Synth 8-7071] port 'TFB' of module 'OSERDESE2' is unconnected for instance 'master' [C:/Users/nayak/hardware-raycaster-pynq/rtl/dvi/serializer.sv:28]
WARNING: [Synth 8-7071] port 'TQ' of module 'OSERDESE2' is unconnected for instance 'master' [C:/Users/nayak/hardware-raycaster-pynq/rtl/dvi/serializer.sv:28]
WARNING: [Synth 8-7071] port 'D7' of module 'OSERDESE2' is unconnected for instance 'master' [C:/Users/nayak/hardware-raycaster-pynq/rtl/dvi/serializer.sv:28]
WARNING: [Synth 8-7071] port 'D8' of module 'OSERDESE2' is unconnected for instance 'master' [C:/Users/nayak/hardware-raycaster-pynq/rtl/dvi/serializer.sv:28]
WARNING: [Synth 8-7071] port 'SHIFTIN1' of module 'OSERDESE2' is unconnected for instance 'master' [C:/Users/nayak/hardware-raycaster-pynq/rtl/dvi/serializer.sv:28]
WARNING: [Synth 8-7071] port 'SHIFTIN2' of module 'OSERDESE2' is unconnected for instance 'master' [C:/Users/nayak/hardware-raycaster-pynq/rtl/dvi/serializer.sv:28]
WARNING: [Synth 8-7071] port 'TBYTEIN' of module 'OSERDESE2' is unconnected for instance 'master' [C:/Users/nayak/hardware-raycaster-pynq/rtl/dvi/serializer.sv:28]
WARNING: [Synth 8-7023] instance 'master' of module 'OSERDESE2' has 27 connections declared, but only 17 given [C:/Users/nayak/hardware-raycaster-pynq/rtl/dvi/serializer.sv:28]
WARNING: [Synth 8-4446] all outputs are unconnected for this instance and logic may be removed [C:/Users/nayak/hardware-raycaster-pynq/rtl/dvi/serializer.sv:62]
ERROR: [Synth 8-11365] for the instance 'slave' of module 'OSERDESE2' declared at 'C:/AMDDesignTools/2025.2/Vivado/scripts/rt/data/unisim_comp.v:117832', named port connection 'O' does not exist [C:/Users/nayak/hardware-raycaster-pynq/rtl/dvi/serializer.sv:63]
ERROR: [Synth 8-11365] for the instance 'slave' of module 'OSERDESE2' declared at 'C:/AMDDesignTools/2025.2/Vivado/scripts/rt/data/unisim_comp.v:117832', named port connection 'T' does not exist [C:/Users/nayak/hardware-raycaster-pynq/rtl/dvi/serializer.sv:65]
ERROR: [Synth 8-11365] for the instance 'slave' of module 'OSERDESE2' declared at 'C:/AMDDesignTools/2025.2/Vivado/scripts/rt/data/unisim_comp.v:117832', named port connection 'TQE' does not exist [C:/Users/nayak/hardware-raycaster-pynq/rtl/dvi/serializer.sv:66]
ERROR: [Synth 8-11365] for the instance 'slave' of module 'OSERDESE2' declared at 'C:/AMDDesignTools/2025.2/Vivado/scripts/rt/data/unisim_comp.v:117832', named port connection 'SHIFTIN' does not exist [C:/Users/nayak/hardware-raycaster-pynq/rtl/dvi/serializer.sv:78]
ERROR: [Synth 8-11365] for the instance 'slave' of module 'OSERDESE2' declared at 'C:/AMDDesignTools/2025.2/Vivado/scripts/rt/data/unisim_comp.v:117832', named port connection 'SHIFTOUT' does not exist [C:/Users/nayak/hardware-raycaster-pynq/rtl/dvi/serializer.sv:79]
WARNING: [Synth 8-7071] port 'SHIFTOUT1' of module 'OSERDESE2' is unconnected for instance 'slave' [C:/Users/nayak/hardware-raycaster-pynq/rtl/dvi/serializer.sv:62]
WARNING: [Synth 8-7071] port 'SHIFTOUT2' of module 'OSERDESE2' is unconnected for instance 'slave' [C:/Users/nayak/hardware-raycaster-pynq/rtl/dvi/serializer.sv:62]
WARNING: [Synth 8-7071] port 'TBYTEOUT' of module 'OSERDESE2' is unconnected for instance 'slave' [C:/Users/nayak/hardware-raycaster-pynq/rtl/dvi/serializer.sv:62]
WARNING: [Synth 8-7071] port 'TFB' of module 'OSERDESE2' is unconnected for instance 'slave' [C:/Users/nayak/hardware-raycaster-pynq/rtl/dvi/serializer.sv:62]
WARNING: [Synth 8-7071] port 'TQ' of module 'OSERDESE2' is unconnected for instance 'slave' [C:/Users/nayak/hardware-raycaster-pynq/rtl/dvi/serializer.sv:62]
WARNING: [Synth 8-7071] port 'D7' of module 'OSERDESE2' is unconnected for instance 'slave' [C:/Users/nayak/hardware-raycaster-pynq/rtl/dvi/serializer.sv:62]
WARNING: [Synth 8-7071] port 'D8' of module 'OSERDESE2' is unconnected for instance 'slave' [C:/Users/nayak/hardware-raycaster-pynq/rtl/dvi/serializer.sv:62]
WARNING: [Synth 8-7071] port 'SHIFTIN1' of module 'OSERDESE2' is unconnected for instance 'slave' [C:/Users/nayak/hardware-raycaster-pynq/rtl/dvi/serializer.sv:62]
WARNING: [Synth 8-7071] port 'SHIFTIN2' of module 'OSERDESE2' is unconnected for instance 'slave' [C:/Users/nayak/hardware-raycaster-pynq/rtl/dvi/serializer.sv:62]
WARNING: [Synth 8-7071] port 'TBYTEIN' of module 'OSERDESE2' is unconnected for instance 'slave' [C:/Users/nayak/hardware-raycaster-pynq/rtl/dvi/serializer.sv:62]
WARNING: [Synth 8-7023] instance 'slave' of module 'OSERDESE2' has 27 connections declared, but only 17 given [C:/Users/nayak/hardware-raycaster-pynq/rtl/dvi/serializer.sv:62]
ERROR: [Synth 8-6156] failed synthesizing module 'serializer' [C:/Users/nayak/hardware-raycaster-pynq/rtl/dvi/serializer.sv:3]
ERROR: [Synth 8-6156] failed synthesizing module 'dvi_top' [C:/Users/nayak/hardware-raycaster-pynq/rtl/dvi/dvi_top.sv:5]
ERROR: [Synth 8-6156] failed synthesizing module 'pynq_test_pattern_top' [C:/Users/nayak/hardware-raycaster-pynq/rtl/pynq_test_pattern_top.sv:3]
---------------------------------------------------------------------------------
Finished RTL Elaboration : Time (s): cpu = 00:00:05 ; elapsed = 00:00:07 . Memory (MB): peak = 1414.676 ; gain = 657.020
---------------------------------------------------------------------------------
RTL Elaboration failed
INFO: [Common 17-83] Releasing license: Synthesis
21 Infos, 30 Warnings, 0 Critical Warnings and 14 Errors encountered.
synth_design failed
synth_design: Time (s): cpu = 00:00:07 ; elapsed = 00:00:32 . Memory (MB): peak = 1414.676 ; gain = 886.871
ERROR: [Common 17-69] Command failed: Synthesis failed - please see the console or run log file for details
INFO: [Common 17-206] Exiting Vivado at Mon Jul  6 12:05:05 2026...
