#-----------------------------------------------------------
# Vivado v2025.2 (64-bit)
# SW Build 6299465 on Fri Nov 14 19:35:11 GMT 2025
# IP Build 6300035 on Fri Nov 14 10:48:45 MST 2025
# SharedData Build 6298862 on Thu Nov 13 04:50:51 MST 2025
# Start of session at: Mon Jul  6 12:45:40 2026
# Process ID         : 28492
# Current directory  : C:/Users/nayak/hardware-raycaster-pynq
# Command line       : vivado.exe -mode batch -source vivado\build.tcl
# Log file           : C:/Users/nayak/hardware-raycaster-pynq/vivado.log
# Journal file       : C:/Users/nayak/hardware-raycaster-pynq\vivado.jou
# Running On         : Kaustubh
# Platform           : Windows Server 2016 or Windows 10
# Operating System   : 26200
# Processor Detail   : 12th Gen Intel(R) Core(TM) i5-12500H
# CPU Frequency      : 3110 MHz
# CPU Physical cores : 12
# CPU Logical cores  : 16
# Host memory        : 16858 MB
# Swap memory        : 2147 MB
# Total Virtual      : 19005 MB
# Available Virtual  : 3384 MB
#-----------------------------------------------------------
source {vivado\build.tcl}
# set part xc7z020clg400-1
# set top_module pynq_test_pattern_top
# create_project -in_memory -part $part
create_project: Time (s): cpu = 00:00:07 ; elapsed = 00:00:06 . Memory (MB): peak = 524.504 ; gain = 219.348
# read_verilog -sv [glob ./rtl/include/*.svh]
# read_verilog -sv [glob ./rtl/dvi/*.sv]
# read_verilog -sv [glob ./rtl/*.sv]
# read_xdc ./constraints/pynq_z2.xdc
# synth_design -top $top_module -part $part
Command: synth_design -top pynq_test_pattern_top -part xc7z020clg400-1
Starting synth_design
Attempting to get a license for feature 'Synthesis' and/or device 'xc7z020'
INFO: [Common 17-349] Got license for feature 'Synthesis' and/or device 'xc7z020'
INFO: [Device 21-403] Loading part xc7z020clg400-1
INFO: [Synth 8-7079] Multithreading enabled for synth_design using a maximum of 2 processes.
INFO: [Synth 8-7078] Launching helper process for spawning children vivado processes
INFO: [Synth 8-7075] Helper process launched with PID 11420
---------------------------------------------------------------------------------
Starting RTL Elaboration : Time (s): cpu = 00:00:04 ; elapsed = 00:00:04 . Memory (MB): peak = 1297.945 ; gain = 539.000
---------------------------------------------------------------------------------
INFO: [Synth 8-6157] synthesizing module 'pynq_test_pattern_top' [C:/Users/nayak/hardware-raycaster-pynq/rtl/pynq_test_pattern_top.sv:3]
INFO: [Synth 8-6157] synthesizing module 'MMCME2_BASE' [C:/AMDDesignTools/2025.2/Vivado/scripts/rt/data/unisim_comp.v:95964]
	Parameter BANDWIDTH bound to: OPTIMIZED - type: string 
	Parameter CLKFBOUT_MULT_F bound to: 8.000000e+00 - type: double 
	Parameter CLKIN1_PERIOD bound to: 8.000000e+00 - type: double 
	Parameter CLKOUT0_DIVIDE_F bound to: 8.000000e+00 - type: double 
	Parameter CLKOUT1_DIVIDE bound to: 40 - type: integer 
	Parameter DIVCLK_DIVIDE bound to: 1 - type: integer 
INFO: [Synth 8-6155] done synthesizing module 'MMCME2_BASE' (0#1) [C:/AMDDesignTools/2025.2/Vivado/scripts/rt/data/unisim_comp.v:95964]
WARNING: [Synth 8-7071] port 'CLKFBOUTB' of module 'MMCME2_BASE' is unconnected for instance 'mmcm_inst' [C:/Users/nayak/hardware-raycaster-pynq/rtl/pynq_test_pattern_top.sv:42]
WARNING: [Synth 8-7071] port 'CLKOUT0B' of module 'MMCME2_BASE' is unconnected for instance 'mmcm_inst' [C:/Users/nayak/hardware-raycaster-pynq/rtl/pynq_test_pattern_top.sv:42]
WARNING: [Synth 8-7071] port 'CLKOUT1B' of module 'MMCME2_BASE' is unconnected for instance 'mmcm_inst' [C:/Users/nayak/hardware-raycaster-pynq/rtl/pynq_test_pattern_top.sv:42]
WARNING: [Synth 8-7071] port 'CLKOUT2B' of module 'MMCME2_BASE' is unconnected for instance 'mmcm_inst' [C:/Users/nayak/hardware-raycaster-pynq/rtl/pynq_test_pattern_top.sv:42]
WARNING: [Synth 8-7071] port 'CLKOUT3B' of module 'MMCME2_BASE' is unconnected for instance 'mmcm_inst' [C:/Users/nayak/hardware-raycaster-pynq/rtl/pynq_test_pattern_top.sv:42]
WARNING: [Synth 8-7023] instance 'mmcm_inst' of module 'MMCME2_BASE' has 18 connections declared, but only 13 given [C:/Users/nayak/hardware-raycaster-pynq/rtl/pynq_test_pattern_top.sv:42]
INFO: [Synth 8-6157] synthesizing module 'BUFG' [C:/AMDDesignTools/2025.2/Vivado/scripts/rt/data/unisim_comp.v:2678]
INFO: [Synth 8-6155] done synthesizing module 'BUFG' (0#1) [C:/AMDDesignTools/2025.2/Vivado/scripts/rt/data/unisim_comp.v:2678]
INFO: [Synth 8-6157] synthesizing module 'dvi_top' [C:/Users/nayak/hardware-raycaster-pynq/rtl/dvi/dvi_top.sv:5]
INFO: [Synth 8-6157] synthesizing module 'dvi_sync' [C:/Users/nayak/hardware-raycaster-pynq/rtl/dvi/dvi_sync.sv:5]
INFO: [Synth 8-6155] done synthesizing module 'dvi_sync' (0#1) [C:/Users/nayak/hardware-raycaster-pynq/rtl/dvi/dvi_sync.sv:5]
INFO: [Synth 8-6157] synthesizing module 'delay' [C:/Users/nayak/hardware-raycaster-pynq/rtl/dvi/delay.sv:3]
	Parameter WIDTH bound to: 32'b00000000000000000000000000000011 
	Parameter N_CYCLES bound to: 32'b00000000000000000000000000000110 
INFO: [Synth 8-6155] done synthesizing module 'delay' (0#1) [C:/Users/nayak/hardware-raycaster-pynq/rtl/dvi/delay.sv:3]
INFO: [Synth 8-6157] synthesizing module 'tmds_encoder' [C:/Users/nayak/hardware-raycaster-pynq/rtl/dvi/tmds_encoder.sv:3]
INFO: [Synth 8-6155] done synthesizing module 'tmds_encoder' (0#1) [C:/Users/nayak/hardware-raycaster-pynq/rtl/dvi/tmds_encoder.sv:3]
INFO: [Synth 8-6157] synthesizing module 'serializer' [C:/Users/nayak/hardware-raycaster-pynq/rtl/dvi/serializer.sv:3]
	Parameter W_DATA bound to: 32'b00000000000000000000000000001010 
INFO: [Synth 8-6157] synthesizing module 'OSERDESE2' [C:/AMDDesignTools/2025.2/Vivado/scripts/rt/data/unisim_comp.v:117832]
	Parameter DATA_RATE_OQ bound to: DDR - type: string 
	Parameter DATA_RATE_TQ bound to: SDR - type: string 
	Parameter DATA_WIDTH bound to: 10 - type: integer 
	Parameter INIT_OQ bound to: 1'b0 
	Parameter INIT_TQ bound to: 1'b0 
	Parameter SERDES_MODE bound to: MASTER - type: string 
	Parameter SRVAL_OQ bound to: 1'b0 
	Parameter SRVAL_TQ bound to: 1'b0 
	Parameter TRISTATE_WIDTH bound to: 1 - type: integer 
INFO: [Synth 8-6155] done synthesizing module 'OSERDESE2' (0#1) [C:/AMDDesignTools/2025.2/Vivado/scripts/rt/data/unisim_comp.v:117832]
WARNING: [Synth 8-7071] port 'OFB' of module 'OSERDESE2' is unconnected for instance 'master' [C:/Users/nayak/hardware-raycaster-pynq/rtl/dvi/serializer.sv:30]
WARNING: [Synth 8-7071] port 'TBYTEOUT' of module 'OSERDESE2' is unconnected for instance 'master' [C:/Users/nayak/hardware-raycaster-pynq/rtl/dvi/serializer.sv:30]
WARNING: [Synth 8-7071] port 'TFB' of module 'OSERDESE2' is unconnected for instance 'master' [C:/Users/nayak/hardware-raycaster-pynq/rtl/dvi/serializer.sv:30]
WARNING: [Synth 8-7071] port 'D7' of module 'OSERDESE2' is unconnected for instance 'master' [C:/Users/nayak/hardware-raycaster-pynq/rtl/dvi/serializer.sv:30]
WARNING: [Synth 8-7071] port 'D8' of module 'OSERDESE2' is unconnected for instance 'master' [C:/Users/nayak/hardware-raycaster-pynq/rtl/dvi/serializer.sv:30]
WARNING: [Synth 8-7071] port 'TBYTEIN' of module 'OSERDESE2' is unconnected for instance 'master' [C:/Users/nayak/hardware-raycaster-pynq/rtl/dvi/serializer.sv:30]
WARNING: [Synth 8-7023] instance 'master' of module 'OSERDESE2' has 27 connections declared, but only 21 given [C:/Users/nayak/hardware-raycaster-pynq/rtl/dvi/serializer.sv:30]
INFO: [Synth 8-6157] synthesizing module 'OSERDESE2__parameterized0' [C:/AMDDesignTools/2025.2/Vivado/scripts/rt/data/unisim_comp.v:117832]
	Parameter DATA_RATE_OQ bound to: DDR - type: string 
	Parameter DATA_RATE_TQ bound to: SDR - type: string 
	Parameter DATA_WIDTH bound to: 10 - type: integer 
	Parameter INIT_OQ bound to: 1'b0 
	Parameter INIT_TQ bound to: 1'b0 
	Parameter SERDES_MODE bound to: SLAVE - type: string 
	Parameter SRVAL_OQ bound to: 1'b0 
	Parameter SRVAL_TQ bound to: 1'b0 
	Parameter TRISTATE_WIDTH bound to: 1 - type: integer 
INFO: [Synth 8-6155] done synthesizing module 'OSERDESE2__parameterized0' (0#1) [C:/AMDDesignTools/2025.2/Vivado/scripts/rt/data/unisim_comp.v:117832]
WARNING: [Synth 8-7071] port 'OFB' of module 'OSERDESE2' is unconnected for instance 'slave' [C:/Users/nayak/hardware-raycaster-pynq/rtl/dvi/serializer.sv:64]
WARNING: [Synth 8-7071] port 'TBYTEOUT' of module 'OSERDESE2' is unconnected for instance 'slave' [C:/Users/nayak/hardware-raycaster-pynq/rtl/dvi/serializer.sv:64]
WARNING: [Synth 8-7071] port 'TFB' of module 'OSERDESE2' is unconnected for instance 'slave' [C:/Users/nayak/hardware-raycaster-pynq/rtl/dvi/serializer.sv:64]
WARNING: [Synth 8-7071] port 'D7' of module 'OSERDESE2' is unconnected for instance 'slave' [C:/Users/nayak/hardware-raycaster-pynq/rtl/dvi/serializer.sv:64]
WARNING: [Synth 8-7071] port 'D8' of module 'OSERDESE2' is unconnected for instance 'slave' [C:/Users/nayak/hardware-raycaster-pynq/rtl/dvi/serializer.sv:64]
WARNING: [Synth 8-7071] port 'TBYTEIN' of module 'OSERDESE2' is unconnected for instance 'slave' [C:/Users/nayak/hardware-raycaster-pynq/rtl/dvi/serializer.sv:64]
WARNING: [Synth 8-7023] instance 'slave' of module 'OSERDESE2' has 27 connections declared, but only 21 given [C:/Users/nayak/hardware-raycaster-pynq/rtl/dvi/serializer.sv:64]
INFO: [Synth 8-6155] done synthesizing module 'serializer' (0#1) [C:/Users/nayak/hardware-raycaster-pynq/rtl/dvi/serializer.sv:3]
INFO: [Synth 8-6157] synthesizing module 'ds_buf' [C:/Users/nayak/hardware-raycaster-pynq/rtl/dvi/ds_buf.sv:3]
INFO: [Synth 8-6157] synthesizing module 'OBUFDS' [C:/AMDDesignTools/2025.2/Vivado/scripts/rt/data/unisim_comp.v:113534]
	Parameter IOSTANDARD bound to: TMDS_33 - type: string 
	Parameter SLEW bound to: FAST - type: string 
INFO: [Synth 8-6155] done synthesizing module 'OBUFDS' (0#1) [C:/AMDDesignTools/2025.2/Vivado/scripts/rt/data/unisim_comp.v:113534]
INFO: [Synth 8-6155] done synthesizing module 'ds_buf' (0#1) [C:/Users/nayak/hardware-raycaster-pynq/rtl/dvi/ds_buf.sv:3]
INFO: [Synth 8-6155] done synthesizing module 'dvi_top' (0#1) [C:/Users/nayak/hardware-raycaster-pynq/rtl/dvi/dvi_top.sv:5]
WARNING: [Synth 8-689] width (10) of port connection 'y_o' does not match port width (9) of module 'dvi_top' [C:/Users/nayak/hardware-raycaster-pynq/rtl/pynq_test_pattern_top.sv:110]
INFO: [Synth 8-6155] done synthesizing module 'pynq_test_pattern_top' (0#1) [C:/Users/nayak/hardware-raycaster-pynq/rtl/pynq_test_pattern_top.sv:3]
WARNING: [Synth 8-3917] design pynq_test_pattern_top has port hdmi_tx_hpdn driven by constant 1
WARNING: [Synth 8-7129] Port btns_4bits_tri_i[3] in module pynq_test_pattern_top is either unconnected or has no load
WARNING: [Synth 8-7129] Port btns_4bits_tri_i[2] in module pynq_test_pattern_top is either unconnected or has no load
WARNING: [Synth 8-7129] Port btns_4bits_tri_i[1] in module pynq_test_pattern_top is either unconnected or has no load
WARNING: [Synth 8-7129] Port btns_4bits_tri_i[0] in module pynq_test_pattern_top is either unconnected or has no load
WARNING: [Synth 8-7129] Port sws_2bits_tri_i[1] in module pynq_test_pattern_top is either unconnected or has no load
WARNING: [Synth 8-7129] Port sws_2bits_tri_i[0] in module pynq_test_pattern_top is either unconnected or has no load
---------------------------------------------------------------------------------
Finished RTL Elaboration : Time (s): cpu = 00:00:05 ; elapsed = 00:00:06 . Memory (MB): peak = 1417.551 ; gain = 658.605
---------------------------------------------------------------------------------
---------------------------------------------------------------------------------
Start Handling Custom Attributes
---------------------------------------------------------------------------------
---------------------------------------------------------------------------------
Finished Handling Custom Attributes : Time (s): cpu = 00:00:05 ; elapsed = 00:00:06 . Memory (MB): peak = 1417.551 ; gain = 658.605
---------------------------------------------------------------------------------
---------------------------------------------------------------------------------
Finished RTL Optimization Phase 1 : Time (s): cpu = 00:00:05 ; elapsed = 00:00:06 . Memory (MB): peak = 1417.551 ; gain = 658.605
---------------------------------------------------------------------------------
Netlist sorting complete. Time (s): cpu = 00:00:00 ; elapsed = 00:00:00.006 . Memory (MB): peak = 1417.551 ; gain = 0.000
INFO: [Netlist 29-17] Analyzing 5 Unisim elements for replacement
INFO: [Netlist 29-28] Unisim Transformation completed in 0 CPU seconds
INFO: [Project 1-570] Preparing netlist for logic optimization

Processing XDC Constraints
Initializing timing engine
Parsing XDC File [C:/Users/nayak/hardware-raycaster-pynq/constraints/pynq_z2.xdc]
Finished Parsing XDC File [C:/Users/nayak/hardware-raycaster-pynq/constraints/pynq_z2.xdc]
INFO: [Project 1-236] Implementation specific constraints were found while reading constraint file [C:/Users/nayak/hardware-raycaster-pynq/constraints/pynq_z2.xdc]. These constraints will be ignored for synthesis but will be used in implementation. Impacted constraints are listed in the file [.Xil/pynq_test_pattern_top_propImpl.xdc].
Resolution: To avoid this warning, move constraints listed in [.Xil/pynq_test_pattern_top_propImpl.xdc] to another XDC file and exclude this new file from synthesis with the used_in_synthesis property (File Properties dialog in GUI) and re-run elaboration/synthesis.
INFO: [Timing 38-2] Deriving generated clocks
Completed Processing XDC Constraints

Netlist sorting complete. Time (s): cpu = 00:00:00 ; elapsed = 00:00:00 . Memory (MB): peak = 1417.551 ; gain = 0.000
INFO: [Project 1-111] Unisim Transformation Summary:
  A total of 1 instances were transformed.
  MMCME2_BASE => MMCME2_ADV: 1 instance 

Constraint Validation Runtime : Time (s): cpu = 00:00:00 ; elapsed = 00:00:00.014 . Memory (MB): peak = 1417.551 ; gain = 0.000
---------------------------------------------------------------------------------
Finished Constraint Validation : Time (s): cpu = 00:00:12 ; elapsed = 00:00:13 . Memory (MB): peak = 1417.551 ; gain = 658.605
---------------------------------------------------------------------------------
---------------------------------------------------------------------------------
Start Loading Part and Timing Information
---------------------------------------------------------------------------------
Loading part: xc7z020clg400-1
---------------------------------------------------------------------------------
Finished Loading Part and Timing Information : Time (s): cpu = 00:00:12 ; elapsed = 00:00:13 . Memory (MB): peak = 1417.551 ; gain = 658.605
---------------------------------------------------------------------------------
---------------------------------------------------------------------------------
Start Applying 'set_property' XDC Constraints
---------------------------------------------------------------------------------
---------------------------------------------------------------------------------
Finished applying 'set_property' XDC Constraints : Time (s): cpu = 00:00:12 ; elapsed = 00:00:13 . Memory (MB): peak = 1417.551 ; gain = 658.605
---------------------------------------------------------------------------------
---------------------------------------------------------------------------------
Finished RTL Optimization Phase 2 : Time (s): cpu = 00:00:12 ; elapsed = 00:00:13 . Memory (MB): peak = 1417.551 ; gain = 658.605
---------------------------------------------------------------------------------
---------------------------------------------------------------------------------
Start RTL Component Statistics 
---------------------------------------------------------------------------------
Detailed RTL Component Info : 
+---Adders : 
	   2 Input   10 Bit       Adders := 2     
	   5 Input    8 Bit       Adders := 6     
	   4 Input    8 Bit       Adders := 3     
	   2 Input    8 Bit       Adders := 1     
	   8 Input    4 Bit       Adders := 9     
	   2 Input    3 Bit       Adders := 1     
+---XORs : 
	   2 Input      1 Bit         XORs := 42    
+---Registers : 
	               10 Bit    Registers := 6     
	                9 Bit    Registers := 1     
	                8 Bit    Registers := 4     
	                1 Bit    Registers := 3     
+---Muxes : 
	   2 Input   10 Bit        Muxes := 13    
	   4 Input   10 Bit        Muxes := 6     
	   5 Input   10 Bit        Muxes := 3     
	   2 Input    9 Bit        Muxes := 3     
	   2 Input    8 Bit        Muxes := 19    
	   2 Input    1 Bit        Muxes := 5     
---------------------------------------------------------------------------------
Finished RTL Component Statistics 
---------------------------------------------------------------------------------
---------------------------------------------------------------------------------
Start Part Resource Summary
---------------------------------------------------------------------------------
Part Resources:
DSPs: 220 (col length:60)
BRAMs: 280 (col length: RAMB18 60 RAMB36 30)
---------------------------------------------------------------------------------
Finished Part Resource Summary
---------------------------------------------------------------------------------
---------------------------------------------------------------------------------
Start Cross Boundary and Area Optimization
---------------------------------------------------------------------------------
WARNING: [Synth 8-3917] design pynq_test_pattern_top has port hdmi_tx_hpdn driven by constant 1
WARNING: [Synth 8-7129] Port btns_4bits_tri_i[3] in module pynq_test_pattern_top is either unconnected or has no load
WARNING: [Synth 8-7129] Port btns_4bits_tri_i[2] in module pynq_test_pattern_top is either unconnected or has no load
WARNING: [Synth 8-7129] Port btns_4bits_tri_i[1] in module pynq_test_pattern_top is either unconnected or has no load
WARNING: [Synth 8-7129] Port btns_4bits_tri_i[0] in module pynq_test_pattern_top is either unconnected or has no load
WARNING: [Synth 8-7129] Port sws_2bits_tri_i[1] in module pynq_test_pattern_top is either unconnected or has no load
WARNING: [Synth 8-7129] Port sws_2bits_tri_i[0] in module pynq_test_pattern_top is either unconnected or has no load
---------------------------------------------------------------------------------
Finished Cross Boundary and Area Optimization : Time (s): cpu = 00:00:14 ; elapsed = 00:00:16 . Memory (MB): peak = 1481.887 ; gain = 722.941
---------------------------------------------------------------------------------
---------------------------------------------------------------------------------
Start ROM, RAM, DSP, Shift Register and Retiming Reporting
---------------------------------------------------------------------------------

Distributed RAM: Preliminary Mapping Report (see note below)
+----------------------+-------------------------------------+-----------+----------------------+---------------+
|Module Name           | RTL Object                          | Inference | Size (Depth x Width) | Primitives    | 
+----------------------+-------------------------------------+-----------+----------------------+---------------+
|pynq_test_pattern_top | dvi_inst/delay/ring_buf_gen.mem_reg | Implied   | 8 x 3                | RAM16X1S x 3  | 
+----------------------+-------------------------------------+-----------+----------------------+---------------+

Note: The table above is a preliminary report that shows the Distributed RAMs at the current stage of the synthesis flow. Some Distributed RAMs may be reimplemented as non Distributed RAM primitives later in the synthesis flow. Multiple instantiated RAMs are reported only once.
---------------------------------------------------------------------------------
Finished ROM, RAM, DSP, Shift Register and Retiming Reporting
---------------------------------------------------------------------------------
---------------------------------------------------------------------------------
Start Applying XDC Timing Constraints
---------------------------------------------------------------------------------
---------------------------------------------------------------------------------
Finished Applying XDC Timing Constraints : Time (s): cpu = 00:00:19 ; elapsed = 00:00:20 . Memory (MB): peak = 1631.496 ; gain = 872.551
---------------------------------------------------------------------------------
---------------------------------------------------------------------------------
Start Timing Optimization
---------------------------------------------------------------------------------
---------------------------------------------------------------------------------
Finished Timing Optimization : Time (s): cpu = 00:00:19 ; elapsed = 00:00:21 . Memory (MB): peak = 1659.500 ; gain = 900.555
---------------------------------------------------------------------------------
---------------------------------------------------------------------------------
Start ROM, RAM, DSP, Shift Register and Retiming Reporting
---------------------------------------------------------------------------------

Distributed RAM: Final Mapping Report
+----------------------+-------------------------------------+-----------+----------------------+---------------+
|Module Name           | RTL Object                          | Inference | Size (Depth x Width) | Primitives    | 
+----------------------+-------------------------------------+-----------+----------------------+---------------+
|pynq_test_pattern_top | dvi_inst/delay/ring_buf_gen.mem_reg | Implied   | 8 x 3                | RAM16X1S x 3  | 
+----------------------+-------------------------------------+-----------+----------------------+---------------+

---------------------------------------------------------------------------------
Finished ROM, RAM, DSP, Shift Register and Retiming Reporting
---------------------------------------------------------------------------------
---------------------------------------------------------------------------------
Start Technology Mapping
---------------------------------------------------------------------------------
---------------------------------------------------------------------------------
Finished Technology Mapping : Time (s): cpu = 00:00:19 ; elapsed = 00:00:21 . Memory (MB): peak = 1673.320 ; gain = 914.375
---------------------------------------------------------------------------------
---------------------------------------------------------------------------------
Start IO Insertion
---------------------------------------------------------------------------------
---------------------------------------------------------------------------------
Start Flattening Before IO Insertion
---------------------------------------------------------------------------------
---------------------------------------------------------------------------------
Finished Flattening Before IO Insertion
---------------------------------------------------------------------------------
---------------------------------------------------------------------------------
Start Final Netlist Cleanup
---------------------------------------------------------------------------------
---------------------------------------------------------------------------------
Finished Final Netlist Cleanup
---------------------------------------------------------------------------------
---------------------------------------------------------------------------------
Finished IO Insertion : Time (s): cpu = 00:00:22 ; elapsed = 00:00:24 . Memory (MB): peak = 1896.324 ; gain = 1137.379
---------------------------------------------------------------------------------
---------------------------------------------------------------------------------
Start Renaming Generated Instances
---------------------------------------------------------------------------------
---------------------------------------------------------------------------------
Finished Renaming Generated Instances : Time (s): cpu = 00:00:22 ; elapsed = 00:00:24 . Memory (MB): peak = 1896.324 ; gain = 1137.379
---------------------------------------------------------------------------------
---------------------------------------------------------------------------------
Start Rebuilding User Hierarchy
---------------------------------------------------------------------------------
---------------------------------------------------------------------------------
Finished Rebuilding User Hierarchy : Time (s): cpu = 00:00:22 ; elapsed = 00:00:24 . Memory (MB): peak = 1896.324 ; gain = 1137.379
---------------------------------------------------------------------------------
---------------------------------------------------------------------------------
Start Renaming Generated Ports
---------------------------------------------------------------------------------
---------------------------------------------------------------------------------
Finished Renaming Generated Ports : Time (s): cpu = 00:00:22 ; elapsed = 00:00:24 . Memory (MB): peak = 1896.324 ; gain = 1137.379
---------------------------------------------------------------------------------
---------------------------------------------------------------------------------
Start Handling Custom Attributes
---------------------------------------------------------------------------------
---------------------------------------------------------------------------------
Finished Handling Custom Attributes : Time (s): cpu = 00:00:22 ; elapsed = 00:00:24 . Memory (MB): peak = 1896.324 ; gain = 1137.379
---------------------------------------------------------------------------------
---------------------------------------------------------------------------------
Start Renaming Generated Nets
---------------------------------------------------------------------------------
---------------------------------------------------------------------------------
Finished Renaming Generated Nets : Time (s): cpu = 00:00:22 ; elapsed = 00:00:24 . Memory (MB): peak = 1896.324 ; gain = 1137.379
---------------------------------------------------------------------------------
---------------------------------------------------------------------------------
Start Writing Synthesis Report
---------------------------------------------------------------------------------

Report BlackBoxes: 
+-+--------------+----------+
| |BlackBox name |Instances |
+-+--------------+----------+
+-+--------------+----------+

Report Cell Usage: 
+------+------------+------+
|      |Cell        |Count |
+------+------------+------+
|1     |BUFG        |     2|
|2     |CARRY4      |    18|
|3     |LUT1        |    10|
|4     |LUT2        |    53|
|5     |LUT3        |    29|
|6     |LUT4        |    30|
|7     |LUT5        |    25|
|8     |LUT6        |    37|
|9     |MMCME2_BASE |     1|
|10    |OSERDESE2   |     6|
|12    |RAM16X1S    |     3|
|13    |FDRE        |    64|
|14    |FDSE        |    13|
|15    |IBUF        |     1|
|16    |OBUF        |     1|
|17    |OBUFDS      |     4|
+------+------------+------+
---------------------------------------------------------------------------------
Finished Writing Synthesis Report : Time (s): cpu = 00:00:22 ; elapsed = 00:00:24 . Memory (MB): peak = 1896.324 ; gain = 1137.379
---------------------------------------------------------------------------------
Synthesis finished with 0 errors, 0 critical warnings and 7 warnings.
Synthesis Optimization Runtime : Time (s): cpu = 00:00:15 ; elapsed = 00:00:22 . Memory (MB): peak = 1896.324 ; gain = 1137.379
Synthesis Optimization Complete : Time (s): cpu = 00:00:22 ; elapsed = 00:00:24 . Memory (MB): peak = 1896.324 ; gain = 1137.379
INFO: [Project 1-571] Translating synthesized netlist
Netlist sorting complete. Time (s): cpu = 00:00:00 ; elapsed = 00:00:00.003 . Memory (MB): peak = 1901.445 ; gain = 0.000
INFO: [Netlist 29-17] Analyzing 26 Unisim elements for replacement
INFO: [Netlist 29-28] Unisim Transformation completed in 0 CPU seconds
INFO: [Project 1-570] Preparing netlist for logic optimization
Parsing XDC File [C:/Users/nayak/hardware-raycaster-pynq/constraints/pynq_z2.xdc]
Finished Parsing XDC File [C:/Users/nayak/hardware-raycaster-pynq/constraints/pynq_z2.xdc]
INFO: [Opt 31-138] Pushed 0 inverter(s) to 0 load pin(s).
Netlist sorting complete. Time (s): cpu = 00:00:00 ; elapsed = 00:00:00 . Memory (MB): peak = 1909.121 ; gain = 0.000
INFO: [Project 1-111] Unisim Transformation Summary:
  A total of 4 instances were transformed.
  MMCME2_BASE => MMCME2_ADV: 1 instance 
  RAM16X1S => RAM32X1S (RAMS32): 3 instances

Synth Design complete | Checksum: 52a9f2dd
INFO: [Common 17-83] Releasing license: Synthesis
42 Infos, 35 Warnings, 0 Critical Warnings and 0 Errors encountered.
synth_design completed successfully
synth_design: Time (s): cpu = 00:00:27 ; elapsed = 00:00:30 . Memory (MB): peak = 1909.121 ; gain = 1384.617
# opt_design
Command: opt_design
Attempting to get a license for feature 'Implementation' and/or device 'xc7z020'
INFO: [Common 17-349] Got license for feature 'Implementation' and/or device 'xc7z020'
Running DRC as a precondition to command opt_design

Starting DRC Task
INFO: [DRC 23-27] Running DRC with 2 threads
INFO: [Project 1-461] DRC finished with 0 Errors
INFO: [Project 1-462] Please refer to the DRC report (report_drc) for more information.

Time (s): cpu = 00:00:00 ; elapsed = 00:00:00.685 . Memory (MB): peak = 1909.121 ; gain = 0.000

Starting Cache Timing Information Task
INFO: [Timing 38-35] Done setting XDC timing constraints.
INFO: [Timing 38-2] Deriving generated clocks
Ending Cache Timing Information Task | Checksum: c175ce52

Time (s): cpu = 00:00:05 ; elapsed = 00:00:05 . Memory (MB): peak = 1909.121 ; gain = 0.000

Starting Logic Optimization Task

Phase 1 Initialization

Phase 1.1 Core Generation And Design Setup
Phase 1.1 Core Generation And Design Setup | Checksum: c175ce52

Time (s): cpu = 00:00:00 ; elapsed = 00:00:00.001 . Memory (MB): peak = 2071.691 ; gain = 0.000

Phase 1.2 Setup Constraints And Sort Netlist
Phase 1.2 Setup Constraints And Sort Netlist | Checksum: c175ce52

Time (s): cpu = 00:00:00 ; elapsed = 00:00:00.002 . Memory (MB): peak = 2071.691 ; gain = 0.000
Phase 1 Initialization | Checksum: c175ce52

Time (s): cpu = 00:00:00 ; elapsed = 00:00:00.003 . Memory (MB): peak = 2071.691 ; gain = 0.000

Phase 2 Timer Update And Timing Data Collection

Phase 2.1 Detect if minReqCache needed
Phase 2.1 Detect if minReqCache needed | Checksum: c175ce52

Time (s): cpu = 00:00:00 ; elapsed = 00:00:00.011 . Memory (MB): peak = 2071.699 ; gain = 0.008

Phase 2.2 Timer Update
Phase 2.2 Timer Update | Checksum: c175ce52

Time (s): cpu = 00:00:00 ; elapsed = 00:00:00.019 . Memory (MB): peak = 2071.699 ; gain = 0.008

Phase 2.3 Timing Data Collection
Phase 2.3 Timing Data Collection | Checksum: c175ce52

Time (s): cpu = 00:00:00 ; elapsed = 00:00:00.020 . Memory (MB): peak = 2071.699 ; gain = 0.008
Phase 2 Timer Update And Timing Data Collection | Checksum: c175ce52

Time (s): cpu = 00:00:00 ; elapsed = 00:00:00.021 . Memory (MB): peak = 2071.699 ; gain = 0.008

Phase 3 Retarget
INFO: [Opt 31-1851] Number of loadless carry chains removed were: 0
INFO: [Opt 31-1834] Total Chains To Be Transformed Were: 0 AND Number of Transformed insts Created are: 0
INFO: [Opt 31-138] Pushed 0 inverter(s) to 0 load pin(s).
INFO: [Opt 31-49] Retargeted 0 cell(s).
Phase 3 Retarget | Checksum: c175ce52

Time (s): cpu = 00:00:00 ; elapsed = 00:00:00.028 . Memory (MB): peak = 2071.699 ; gain = 0.008
Retarget | Checksum: c175ce52
INFO: [Opt 31-389] Phase Retarget created 0 cells and removed 0 cells
INFO: [Opt 31-1021] In phase Retarget, 1 netlist objects are constrained preventing optimization. Please run opt_design with -debug_log to get more detail. 

Phase 4 Constant propagation
INFO: [Opt 31-138] Pushed 0 inverter(s) to 0 load pin(s).
Phase 4 Constant propagation | Checksum: c175ce52

Time (s): cpu = 00:00:00 ; elapsed = 00:00:00.033 . Memory (MB): peak = 2071.699 ; gain = 0.008
Constant propagation | Checksum: c175ce52
INFO: [Opt 31-389] Phase Constant propagation created 0 cells and removed 0 cells

Phase 5 Sweep
INFO: [Constraints 18-11670] Building netlist checker database with flags, 0x8
Done building netlist checker database: Time (s): cpu = 00:00:00 ; elapsed = 00:00:00 . Memory (MB): peak = 2071.699 ; gain = 0.000
Phase 5 Sweep | Checksum: 14a6fa887

Time (s): cpu = 00:00:00 ; elapsed = 00:00:00.038 . Memory (MB): peak = 2071.699 ; gain = 0.008
Sweep | Checksum: 14a6fa887
INFO: [Opt 31-389] Phase Sweep created 0 cells and removed 0 cells

Phase 6 BUFG optimization
Phase 6 BUFG optimization | Checksum: 14a6fa887

Time (s): cpu = 00:00:00 ; elapsed = 00:00:00.049 . Memory (MB): peak = 2071.699 ; gain = 0.008
BUFG optimization | Checksum: 14a6fa887
INFO: [Opt 31-662] Phase BUFG optimization created 0 cells of which 0 are BUFGs and removed 0 cells.

Phase 7 Shift Register Optimization
INFO: [Opt 31-1064] SRL Remap converted 0 SRLs to 0 registers and converted 0 registers of register chains to 0 SRLs
Phase 7 Shift Register Optimization | Checksum: 14a6fa887

Time (s): cpu = 00:00:00 ; elapsed = 00:00:00.051 . Memory (MB): peak = 2071.699 ; gain = 0.008
Shift Register Optimization | Checksum: 14a6fa887
INFO: [Opt 31-389] Phase Shift Register Optimization created 0 cells and removed 0 cells

Phase 8 Post Processing Netlist
Phase 8 Post Processing Netlist | Checksum: 14a6fa887

Time (s): cpu = 00:00:00 ; elapsed = 00:00:00.053 . Memory (MB): peak = 2071.699 ; gain = 0.008
Post Processing Netlist | Checksum: 14a6fa887
INFO: [Opt 31-389] Phase Post Processing Netlist created 0 cells and removed 0 cells

Phase 9 Finalization

Phase 9.1 Finalizing Design Cores and Updating Shapes
Phase 9.1 Finalizing Design Cores and Updating Shapes | Checksum: bc89686f

Time (s): cpu = 00:00:00 ; elapsed = 00:00:00.061 . Memory (MB): peak = 2071.699 ; gain = 0.008

Phase 9.2 Verifying Netlist Connectivity

Starting Connectivity Check Task

Time (s): cpu = 00:00:00 ; elapsed = 00:00:00.014 . Memory (MB): peak = 2071.699 ; gain = 0.000
Phase 9.2 Verifying Netlist Connectivity | Checksum: bc89686f

Time (s): cpu = 00:00:00 ; elapsed = 00:00:00.076 . Memory (MB): peak = 2071.699 ; gain = 0.008
Phase 9 Finalization | Checksum: bc89686f

Time (s): cpu = 00:00:00 ; elapsed = 00:00:00.077 . Memory (MB): peak = 2071.699 ; gain = 0.008
Opt_design Change Summary
=========================


-------------------------------------------------------------------------------------------------------------------------
|  Phase                        |  #Cells created  |  #Cells Removed  |  #Constrained objects preventing optimizations  |
-------------------------------------------------------------------------------------------------------------------------
|  Retarget                     |               0  |               0  |                                              1  |
|  Constant propagation         |               0  |               0  |                                              0  |
|  Sweep                        |               0  |               0  |                                              0  |
|  BUFG optimization            |               0  |               0  |                                              0  |
|  Shift Register Optimization  |               0  |               0  |                                              0  |
|  Post Processing Netlist      |               0  |               0  |                                              0  |
-------------------------------------------------------------------------------------------------------------------------


Ending Logic Optimization Task | Checksum: bc89686f

Time (s): cpu = 00:00:00 ; elapsed = 00:00:00.078 . Memory (MB): peak = 2071.699 ; gain = 0.008

Starting Power Optimization Task
INFO: [Pwropt 34-132] Skipping clock gating for clocks with a period < 2.00 ns.
Ending Power Optimization Task | Checksum: bc89686f

Time (s): cpu = 00:00:00 ; elapsed = 00:00:00.010 . Memory (MB): peak = 2071.699 ; gain = 0.000

Starting Final Cleanup Task
Ending Final Cleanup Task | Checksum: bc89686f

Time (s): cpu = 00:00:00 ; elapsed = 00:00:00.001 . Memory (MB): peak = 2071.699 ; gain = 0.000
Netlist sorting complete. Time (s): cpu = 00:00:00 ; elapsed = 00:00:00 . Memory (MB): peak = 2071.699 ; gain = 0.000
INFO: [Common 17-83] Releasing license: Implementation
22 Infos, 0 Warnings, 0 Critical Warnings and 0 Errors encountered.
opt_design completed successfully
opt_design: Time (s): cpu = 00:00:08 ; elapsed = 00:00:09 . Memory (MB): peak = 2071.699 ; gain = 162.578
# place_design
Command: place_design
Attempting to get a license for feature 'Implementation' and/or device 'xc7z020'
INFO: [Common 17-349] Got license for feature 'Implementation' and/or device 'xc7z020'
INFO: [Common 17-83] Releasing license: Implementation
INFO: [DRC 23-27] Running DRC with 2 threads
INFO: [Vivado_Tcl 4-198] DRC finished with 0 Errors
INFO: [Vivado_Tcl 4-199] Please refer to the DRC report (report_drc) for more information.
INFO: [Timing 38-35] Done setting XDC timing constraints.
Running DRC as a precondition to command place_design
INFO: [DRC 23-27] Running DRC with 2 threads
INFO: [Vivado_Tcl 4-198] DRC finished with 0 Errors
INFO: [Vivado_Tcl 4-199] Please refer to the DRC report (report_drc) for more information.
INFO: [Place 30-611] Multithreading enabled for place_design using a maximum of 2 CPUs

Starting Placer Task

Phase 1 Placer Initialization

Phase 1.1 Placer Initialization Netlist Sorting
Netlist sorting complete. Time (s): cpu = 00:00:00 ; elapsed = 00:00:00 . Memory (MB): peak = 2071.699 ; gain = 0.000
Phase 1.1 Placer Initialization Netlist Sorting | Checksum: 757a2180

Time (s): cpu = 00:00:00 ; elapsed = 00:00:00.002 . Memory (MB): peak = 2071.699 ; gain = 0.000
Netlist sorting complete. Time (s): cpu = 00:00:00 ; elapsed = 00:00:00.001 . Memory (MB): peak = 2071.699 ; gain = 0.000

Phase 1.2 IO Placement/ Clock Placement/ Build Placer Device
Phase 1.2 IO Placement/ Clock Placement/ Build Placer Device | Checksum: 115757187

Time (s): cpu = 00:00:01 ; elapsed = 00:00:00.463 . Memory (MB): peak = 2071.699 ; gain = 0.000

Phase 1.3 Build Placer Netlist Model
Phase 1.3 Build Placer Netlist Model | Checksum: 15fabc00e

Time (s): cpu = 00:00:01 ; elapsed = 00:00:00.561 . Memory (MB): peak = 2071.699 ; gain = 0.000

Phase 1.4 Constrain Clocks/Macros
Phase 1.4 Constrain Clocks/Macros | Checksum: 15fabc00e

Time (s): cpu = 00:00:01 ; elapsed = 00:00:00.564 . Memory (MB): peak = 2071.699 ; gain = 0.000
Phase 1 Placer Initialization | Checksum: 15fabc00e

Time (s): cpu = 00:00:01 ; elapsed = 00:00:00.569 . Memory (MB): peak = 2071.699 ; gain = 0.000

Phase 2 Global Placement

Phase 2.1 Floorplanning
Phase 2.1 Floorplanning | Checksum: 15e24bde8

Time (s): cpu = 00:00:01 ; elapsed = 00:00:00.608 . Memory (MB): peak = 2071.699 ; gain = 0.000

Phase 2.2 Update Timing before SLR Path Opt
Phase 2.2 Update Timing before SLR Path Opt | Checksum: 135c1520f

Time (s): cpu = 00:00:01 ; elapsed = 00:00:00.640 . Memory (MB): peak = 2071.699 ; gain = 0.000

Phase 2.3 Post-Processing in Floorplanning
Phase 2.3 Post-Processing in Floorplanning | Checksum: 135c1520f

Time (s): cpu = 00:00:01 ; elapsed = 00:00:00.641 . Memory (MB): peak = 2071.699 ; gain = 0.000

Phase 2.4 Global Place Phase1
Phase 2.4 Global Place Phase1 | Checksum: 178872181

Time (s): cpu = 00:00:02 ; elapsed = 00:00:01 . Memory (MB): peak = 2071.699 ; gain = 0.000

Phase 2.5 Global Place Phase2

Phase 2.5.1 UpdateTiming Before Physical Synthesis
Phase 2.5.1 UpdateTiming Before Physical Synthesis | Checksum: 20cc1ac8d

Time (s): cpu = 00:00:02 ; elapsed = 00:00:01 . Memory (MB): peak = 2071.699 ; gain = 0.000

Phase 2.5.2 Physical Synthesis In Placer
INFO: [Physopt 32-1035] Found 0 LUTNM shape to break, 15 LUT instances to create LUTNM shape
INFO: [Physopt 32-1044] Break lutnm for timing: one critical 0, two critical 0, total 0, new lutff created 0
INFO: [Physopt 32-1138] End 1 Pass. Optimized 6 nets or LUTs. Breaked 0 LUT, combined 6 existing LUTs and moved 0 existing LUT
INFO: [Physopt 32-65] No nets found for high-fanout optimization.
INFO: [Physopt 32-232] Optimized 0 net. Created 0 new instance.
INFO: [Physopt 32-775] End 1 Pass. Optimized 0 net or cell. Created 0 new cell, deleted 0 existing cell and moved 0 existing cell
INFO: [Physopt 32-670] No setup violation found.  DSP Register Optimization was not performed.
INFO: [Physopt 32-670] No setup violation found.  Shift Register to Pipeline Optimization was not performed.
INFO: [Physopt 32-670] No setup violation found.  Shift Register Optimization was not performed.
INFO: [Physopt 32-670] No setup violation found.  BRAM Register Optimization was not performed.
INFO: [Physopt 32-670] No setup violation found.  URAM Register Optimization was not performed.
INFO: [Physopt 32-949] No candidate nets found for dynamic/static region interface net replication
INFO: [Physopt 32-775] End 1 Pass. Optimized 0 net or cell. Created 0 new cell, deleted 0 existing cell and moved 0 existing cell
Netlist sorting complete. Time (s): cpu = 00:00:00 ; elapsed = 00:00:00.001 . Memory (MB): peak = 2071.699 ; gain = 0.000

Summary of Physical Synthesis Optimizations
============================================


-----------------------------------------------------------------------------------------------------------------------------------------------------------
|  Optimization                                     |  Added Cells  |  Removed Cells  |  Optimized Cells/Nets  |  Dont Touch  |  Iterations  |  Elapsed   |
-----------------------------------------------------------------------------------------------------------------------------------------------------------
|  LUT Combining                                    |            0  |              6  |                     6  |           0  |           1  |  00:00:00  |
|  Retime                                           |            0  |              0  |                     0  |           0  |           1  |  00:00:00  |
|  Very High Fanout                                 |            0  |              0  |                     0  |           0  |           1  |  00:00:00  |
|  DSP Register                                     |            0  |              0  |                     0  |           0  |           0  |  00:00:00  |
|  Shift Register to Pipeline                       |            0  |              0  |                     0  |           0  |           0  |  00:00:00  |
|  Shift Register                                   |            0  |              0  |                     0  |           0  |           0  |  00:00:00  |
|  BRAM Register                                    |            0  |              0  |                     0  |           0  |           0  |  00:00:00  |
|  URAM Register                                    |            0  |              0  |                     0  |           0  |           0  |  00:00:00  |
|  Dynamic/Static Region Interface Net Replication  |            0  |              0  |                     0  |           0  |           1  |  00:00:00  |
|  Total                                            |            0  |              6  |                     6  |           0  |           4  |  00:00:00  |
-----------------------------------------------------------------------------------------------------------------------------------------------------------


Phase 2.5.2 Physical Synthesis In Placer | Checksum: 12b70d29e

Time (s): cpu = 00:00:02 ; elapsed = 00:00:01 . Memory (MB): peak = 2071.699 ; gain = 0.000
Phase 2.5 Global Place Phase2 | Checksum: 169e89ca9

Time (s): cpu = 00:00:02 ; elapsed = 00:00:01 . Memory (MB): peak = 2071.699 ; gain = 0.000
Phase 2 Global Placement | Checksum: 169e89ca9

Time (s): cpu = 00:00:03 ; elapsed = 00:00:01 . Memory (MB): peak = 2071.699 ; gain = 0.000

Phase 3 Detail Placement

Phase 3.1 Commit Multi Column Macros
Phase 3.1 Commit Multi Column Macros | Checksum: 1f760a60d

Time (s): cpu = 00:00:03 ; elapsed = 00:00:01 . Memory (MB): peak = 2071.699 ; gain = 0.000

Phase 3.2 Commit Most Macros & LUTRAMs
Phase 3.2 Commit Most Macros & LUTRAMs | Checksum: 17bcf9759

Time (s): cpu = 00:00:03 ; elapsed = 00:00:02 . Memory (MB): peak = 2071.699 ; gain = 0.000

Phase 3.3 Area Swap Optimization
Phase 3.3 Area Swap Optimization | Checksum: 1b7cb89e3

Time (s): cpu = 00:00:03 ; elapsed = 00:00:02 . Memory (MB): peak = 2071.699 ; gain = 0.000

Phase 3.4 Pipeline Register Optimization
Phase 3.4 Pipeline Register Optimization | Checksum: 117414d7b

Time (s): cpu = 00:00:03 ; elapsed = 00:00:02 . Memory (MB): peak = 2071.699 ; gain = 0.000

Phase 3.5 Small Shape Detail Placement
Phase 3.5 Small Shape Detail Placement | Checksum: 1c54e00e5

Time (s): cpu = 00:00:03 ; elapsed = 00:00:02 . Memory (MB): peak = 2071.699 ; gain = 0.000

Phase 3.6 Re-assign LUT pins
Phase 3.6 Re-assign LUT pins | Checksum: 23d932388

Time (s): cpu = 00:00:03 ; elapsed = 00:00:02 . Memory (MB): peak = 2071.699 ; gain = 0.000

Phase 3.7 Pipeline Register Optimization
Phase 3.7 Pipeline Register Optimization | Checksum: 1de3e5810

Time (s): cpu = 00:00:03 ; elapsed = 00:00:02 . Memory (MB): peak = 2071.699 ; gain = 0.000
Phase 3 Detail Placement | Checksum: 1de3e5810

Time (s): cpu = 00:00:03 ; elapsed = 00:00:02 . Memory (MB): peak = 2071.699 ; gain = 0.000

Phase 4 Post Placement Optimization and Clean-Up

Phase 4.1 Post Commit Optimization
INFO: [Timing 38-35] Done setting XDC timing constraints.

Phase 4.1.1 Post Placement Optimization
Post Placement Optimization Initialization | Checksum: 1bc7b4e38

Phase 4.1.1.1 BUFG Insertion

Starting Physical Synthesis Task

Phase 1 Physical Synthesis Initialization
INFO: [Physopt 32-721] Multithreading enabled for phys_opt_design using a maximum of 2 CPUs
INFO: [Physopt 32-619] Estimated Timing Summary | WNS=33.209 | TNS=0.000 |
Phase 1 Physical Synthesis Initialization | Checksum: f212aaea

Time (s): cpu = 00:00:00 ; elapsed = 00:00:00.016 . Memory (MB): peak = 2071.699 ; gain = 0.000
INFO: [Place 46-56] BUFG insertion identified 0 candidate nets. Inserted BUFG: 0, Replicated BUFG Driver: 0, Skipped due to Placement/Routing Conflicts: 0, Skipped due to Timing Degradation: 0, Skipped due to netlist editing failed: 0.
Ending Physical Synthesis Task | Checksum: 19b223fff

Time (s): cpu = 00:00:00 ; elapsed = 00:00:00.019 . Memory (MB): peak = 2071.699 ; gain = 0.000
Phase 4.1.1.1 BUFG Insertion | Checksum: 1bc7b4e38

Time (s): cpu = 00:00:03 ; elapsed = 00:00:02 . Memory (MB): peak = 2071.699 ; gain = 0.000

Phase 4.1.1.2 Post Placement Timing Optimization
INFO: [Place 30-746] Post Placement Timing Summary WNS=33.209. For the most accurate timing information please run report_timing.
Phase 4.1.1.2 Post Placement Timing Optimization | Checksum: 1eb310bce

Time (s): cpu = 00:00:03 ; elapsed = 00:00:02 . Memory (MB): peak = 2071.699 ; gain = 0.000

Time (s): cpu = 00:00:03 ; elapsed = 00:00:02 . Memory (MB): peak = 2071.699 ; gain = 0.000
Phase 4.1 Post Commit Optimization | Checksum: 1eb310bce

Time (s): cpu = 00:00:03 ; elapsed = 00:00:02 . Memory (MB): peak = 2071.699 ; gain = 0.000

Phase 4.2 Post Placement Cleanup
Phase 4.2 Post Placement Cleanup | Checksum: 1eb310bce

Time (s): cpu = 00:00:03 ; elapsed = 00:00:02 . Memory (MB): peak = 2071.699 ; gain = 0.000

Phase 4.3 Placer Reporting

Phase 4.3.1 Print Estimated Congestion
INFO: [Place 30-612] Post-Placement Estimated Congestion 
 ____________________________________________________
|           | Global Congestion | Short Congestion  |
| Direction | Region Size       | Region Size       |
|___________|___________________|___________________|
|      North|                1x1|                1x1|
|___________|___________________|___________________|
|      South|                1x1|                1x1|
|___________|___________________|___________________|
|       East|                1x1|                1x1|
|___________|___________________|___________________|
|       West|                1x1|                1x1|
|___________|___________________|___________________|

Phase 4.3.1 Print Estimated Congestion | Checksum: 1eb310bce

Time (s): cpu = 00:00:03 ; elapsed = 00:00:02 . Memory (MB): peak = 2071.699 ; gain = 0.000
Phase 4.3 Placer Reporting | Checksum: 1eb310bce

Time (s): cpu = 00:00:03 ; elapsed = 00:00:02 . Memory (MB): peak = 2071.699 ; gain = 0.000

Phase 4.4 Final Placement Cleanup
Netlist sorting complete. Time (s): cpu = 00:00:00 ; elapsed = 00:00:00 . Memory (MB): peak = 2071.699 ; gain = 0.000

Time (s): cpu = 00:00:03 ; elapsed = 00:00:02 . Memory (MB): peak = 2071.699 ; gain = 0.000
Phase 4 Post Placement Optimization and Clean-Up | Checksum: 242a6b688

Time (s): cpu = 00:00:03 ; elapsed = 00:00:02 . Memory (MB): peak = 2071.699 ; gain = 0.000
Ending Placer Task | Checksum: 1ab88a3ca

Time (s): cpu = 00:00:03 ; elapsed = 00:00:02 . Memory (MB): peak = 2071.699 ; gain = 0.000
29 Infos, 0 Warnings, 0 Critical Warnings and 0 Errors encountered.
place_design completed successfully
# route_design
Command: route_design
Attempting to get a license for feature 'Implementation' and/or device 'xc7z020'
INFO: [Common 17-349] Got license for feature 'Implementation' and/or device 'xc7z020'


Starting Routing Task
INFO: [Route 35-254] Multithreading enabled for route_design using a maximum of 2 CPUs

Phase 1 Build RT Design
Checksum: PlaceDB: fb7e774d ConstDB: 0 ShapeSum: 9a10b98d RouteDB: 15f972f0
Post Restoration Checksum: NetGraph: 81e9af16 | NumContArr: 94fa3f42 | Constraints: c2a8fa9d | Timing: c2a8fa9d
Phase 1 Build RT Design | Checksum: 29c35e392

Time (s): cpu = 00:00:21 ; elapsed = 00:00:20 . Memory (MB): peak = 2071.699 ; gain = 0.000

Phase 2 Router Initialization

Phase 2.1 Fix Topology Constraints
Phase 2.1 Fix Topology Constraints | Checksum: 29c35e392

Time (s): cpu = 00:00:21 ; elapsed = 00:00:20 . Memory (MB): peak = 2071.699 ; gain = 0.000

Phase 2.2 Pre Route Cleanup
Phase 2.2 Pre Route Cleanup | Checksum: 29c35e392

Time (s): cpu = 00:00:21 ; elapsed = 00:00:20 . Memory (MB): peak = 2071.699 ; gain = 0.000
 Number of Nodes with overlaps = 0

Phase 2.3 Update Timing
Phase 2.3 Update Timing | Checksum: 1dc585113

Time (s): cpu = 00:00:22 ; elapsed = 00:00:20 . Memory (MB): peak = 2071.699 ; gain = 0.000
INFO: [Route 35-416] Intermediate Timing Summary | WNS=33.161 | TNS=0.000  | WHS=-0.229 | THS=-4.150 |


Phase 2.4 Soft Constraint Pins - Fast Budgeting
Phase 2.4 Soft Constraint Pins - Fast Budgeting | Checksum: 1c6452e0d

Time (s): cpu = 00:00:22 ; elapsed = 00:00:20 . Memory (MB): peak = 2071.699 ; gain = 0.000

Router Utilization Summary
  Global Vertical Routing Utilization    = 0 %
  Global Horizontal Routing Utilization  = 0 %
  Routable Net Status*
  *Does not include unroutable nets such as driverless and loadless.
  Run report_route_status for detailed report.
  Number of Failed Nets               = 215
    (Failed Nets is the sum of unrouted and partially routed nets)
  Number of Unrouted Nets             = 215
  Number of Partially Routed Nets     = 0
  Number of Node Overlaps             = 0

Phase 2 Router Initialization | Checksum: 2321398b5

Time (s): cpu = 00:00:22 ; elapsed = 00:00:20 . Memory (MB): peak = 2071.699 ; gain = 0.000

Phase 3 Global Routing
Phase 3 Global Routing | Checksum: 2321398b5

Time (s): cpu = 00:00:22 ; elapsed = 00:00:20 . Memory (MB): peak = 2071.699 ; gain = 0.000

Phase 4 Initial Routing

Phase 4.1 Initial Net Routing Pass
Phase 4.1 Initial Net Routing Pass | Checksum: 25771d384

Time (s): cpu = 00:00:22 ; elapsed = 00:00:20 . Memory (MB): peak = 2071.699 ; gain = 0.000
Phase 4 Initial Routing | Checksum: 25771d384

Time (s): cpu = 00:00:22 ; elapsed = 00:00:20 . Memory (MB): peak = 2071.699 ; gain = 0.000

Phase 5 Rip-up And Reroute

Phase 5.1 Global Iteration 0
 Number of Nodes with overlaps = 7
 Number of Nodes with overlaps = 0
INFO: [Route 35-416] Intermediate Timing Summary | WNS=32.749 | TNS=0.000  | WHS=N/A    | THS=N/A    |

Phase 5.1 Global Iteration 0 | Checksum: 2731b9654

Time (s): cpu = 00:00:23 ; elapsed = 00:00:20 . Memory (MB): peak = 2071.699 ; gain = 0.000

Phase 5.2 Global Iteration 1
 Number of Nodes with overlaps = 1
 Number of Nodes with overlaps = 0
INFO: [Route 35-416] Intermediate Timing Summary | WNS=32.749 | TNS=0.000  | WHS=N/A    | THS=N/A    |

Phase 5.2 Global Iteration 1 | Checksum: 1ab3fa8ad

Time (s): cpu = 00:00:23 ; elapsed = 00:00:20 . Memory (MB): peak = 2071.699 ; gain = 0.000
Phase 5 Rip-up And Reroute | Checksum: 1ab3fa8ad

Time (s): cpu = 00:00:23 ; elapsed = 00:00:20 . Memory (MB): peak = 2071.699 ; gain = 0.000

Phase 6 Delay and Skew Optimization

Phase 6.1 Delay CleanUp
Phase 6.1 Delay CleanUp | Checksum: 1ab3fa8ad

Time (s): cpu = 00:00:23 ; elapsed = 00:00:20 . Memory (MB): peak = 2071.699 ; gain = 0.000

Phase 6.2 Clock Skew Optimization
Phase 6.2 Clock Skew Optimization | Checksum: 1ab3fa8ad

Time (s): cpu = 00:00:23 ; elapsed = 00:00:20 . Memory (MB): peak = 2071.699 ; gain = 0.000
Phase 6 Delay and Skew Optimization | Checksum: 1ab3fa8ad

Time (s): cpu = 00:00:23 ; elapsed = 00:00:20 . Memory (MB): peak = 2071.699 ; gain = 0.000

Phase 7 Post Hold Fix

Phase 7.1 Hold Fix Iter
INFO: [Route 35-416] Intermediate Timing Summary | WNS=32.880 | TNS=0.000  | WHS=0.074  | THS=0.000  |

Phase 7.1 Hold Fix Iter | Checksum: 23579a593

Time (s): cpu = 00:00:23 ; elapsed = 00:00:20 . Memory (MB): peak = 2071.699 ; gain = 0.000
Phase 7 Post Hold Fix | Checksum: 23579a593

Time (s): cpu = 00:00:23 ; elapsed = 00:00:20 . Memory (MB): peak = 2071.699 ; gain = 0.000

Phase 8 Route finalize

Router Utilization Summary
  Global Vertical Routing Utilization    = 0.0250595 %
  Global Horizontal Routing Utilization  = 0.0221433 %
  Routable Net Status*
  *Does not include unroutable nets such as driverless and loadless.
  Run report_route_status for detailed report.
  Number of Failed Nets               = 0
    (Failed Nets is the sum of unrouted and partially routed nets)
  Number of Unrouted Nets             = 0
  Number of Partially Routed Nets     = 0
  Number of Node Overlaps             = 0

Phase 8 Route finalize | Checksum: 23579a593

Time (s): cpu = 00:00:23 ; elapsed = 00:00:21 . Memory (MB): peak = 2071.699 ; gain = 0.000

Phase 9 Verifying routed nets

 Verification completed successfully
Phase 9 Verifying routed nets | Checksum: 23579a593

Time (s): cpu = 00:00:23 ; elapsed = 00:00:21 . Memory (MB): peak = 2071.699 ; gain = 0.000

Phase 10 Depositing Routes
Phase 10 Depositing Routes | Checksum: 23677bd23

Time (s): cpu = 00:00:23 ; elapsed = 00:00:21 . Memory (MB): peak = 2071.699 ; gain = 0.000

Phase 11 Post Process Routing
Phase 11 Post Process Routing | Checksum: 23677bd23

Time (s): cpu = 00:00:23 ; elapsed = 00:00:21 . Memory (MB): peak = 2071.699 ; gain = 0.000

Phase 12 Post Router Timing
INFO: [Route 35-57] Estimated Timing Summary | WNS=32.880 | TNS=0.000  | WHS=0.074  | THS=0.000  |

INFO: [Route 35-327] The final timing numbers are based on the router estimated timing analysis. For a complete and accurate timing signoff, please run report_timing_summary.
Phase 12 Post Router Timing | Checksum: 23677bd23

Time (s): cpu = 00:00:23 ; elapsed = 00:00:21 . Memory (MB): peak = 2071.699 ; gain = 0.000
Total Elapsed time in route_design: 20.545 secs

Phase 13 Post-Route Event Processing
Phase 13 Post-Route Event Processing | Checksum: 11ec7891b

Time (s): cpu = 00:00:23 ; elapsed = 00:00:21 . Memory (MB): peak = 2071.699 ; gain = 0.000
INFO: [Route 35-16] Router Completed Successfully
Ending Routing Task | Checksum: 11ec7891b

Time (s): cpu = 00:00:23 ; elapsed = 00:00:21 . Memory (MB): peak = 2071.699 ; gain = 0.000

Routing Is Done.
INFO: [Common 17-83] Releasing license: Implementation
10 Infos, 0 Warnings, 0 Critical Warnings and 0 Errors encountered.
route_design completed successfully
route_design: Time (s): cpu = 00:00:23 ; elapsed = 00:00:21 . Memory (MB): peak = 2071.699 ; gain = 0.000
# report_timing_summary -file ./docs/timing_summary.rpt
INFO: [Timing 38-91] UpdateTimingParams: Speed grade: -1, Delay Type: min_max.
INFO: [Timing 38-191] Multithreading enabled for timing update using a maximum of 2 CPUs
# report_utilization -file ./docs/utilization.rpt
# write_bitstream -force pynq_test_pattern.bit
Command: write_bitstream -force pynq_test_pattern.bit
Attempting to get a license for feature 'Implementation' and/or device 'xc7z020'
INFO: [Common 17-349] Got license for feature 'Implementation' and/or device 'xc7z020'
Running DRC as a precondition to command write_bitstream
INFO: [IP_Flow 19-234] Refreshing IP repositories
INFO: [IP_Flow 19-1704] No user IP repositories specified
INFO: [IP_Flow 19-2313] Loaded Vivado IP repository 'C:/AMDDesignTools/2025.2/Vivado/data/ip'.
INFO: [DRC 23-27] Running DRC with 2 threads
INFO: [Vivado 12-3199] DRC finished with 0 Errors
INFO: [Vivado 12-3200] Please refer to the DRC report (report_drc) for more information.
Integrating Hard IP ELF/MEM with the PDI.
INFO: [Designutils 20-2272] Running write_bitstream with 2 threads.
Loading data files...
Loading site data...
Loading route data...
Processing options...
Creating bitmap...
Creating bitstream...
Writing bitstream ./pynq_test_pattern.bit...
INFO: [Vivado 12-1842] Bitgen Completed Successfully.
INFO: [Common 17-83] Releasing license: Implementation
10 Infos, 0 Warnings, 0 Critical Warnings and 0 Errors encountered.
write_bitstream completed successfully
write_bitstream: Time (s): cpu = 00:00:10 ; elapsed = 00:00:09 . Memory (MB): peak = 2254.238 ; gain = 182.539
# puts "Build complete. Bitstream generated."
Build complete. Bitstream generated.
INFO: [Common 17-206] Exiting Vivado at Mon Jul  6 12:47:01 2026...
